2021-11-06 17:16:45,749 DEBUG i.g.b.w.c.ResolutionCache [checkValidity:162] [main] - Removing resolution chrome=94 from cache (expired on Fri Nov 05 19:34:12 IST 2021)
2021-11-06 17:16:45,793 DEBUG o.a.h.c.h.i.c.InternalHttpClient [doExecute:172] [main] - ex-00000001: preparing request execution
2021-11-06 17:16:45,797 DEBUG o.a.h.c.h.p.RequestAddCookies [process:114] [main] - Cookie spec selected: strict
2021-11-06 17:16:45,803 DEBUG o.a.h.c.h.p.RequestAuthCache [process:76] [main] - Auth cache not set in the context
2021-11-06 17:16:45,804 DEBUG o.a.h.c.h.i.c.ProtocolExec [execute:161] [main] - ex-00000001: target auth state: UNCHALLENGED
2021-11-06 17:16:45,805 DEBUG o.a.h.c.h.i.c.ProtocolExec [execute:167] [main] - ex-00000001: proxy auth state: UNCHALLENGED
2021-11-06 17:16:45,805 DEBUG o.a.h.c.h.i.c.ConnectExec [execute:116] [main] - ex-00000001: acquiring connection with route {s}->https://raw.githubusercontent.com:443
2021-11-06 17:16:45,805 DEBUG o.a.h.c.h.i.c.InternalExecRuntime [acquireEndpoint:101] [main] - ex-00000001: acquiring endpoint (3 MINUTES)
2021-11-06 17:16:45,807 DEBUG o.a.h.c.h.i.i.PoolingHttpClientConnectionManager [lease:258] [main] - ex-00000001: endpoint lease request (3 MINUTES) [route: {s}->https://raw.githubusercontent.com:443][total available: 0; route allocated: 0 of 5; total allocated: 0 of 25]
2021-11-06 17:16:45,811 DEBUG o.a.h.c.h.i.i.PoolingHttpClientConnectionManager$1 [get:283] [main] - ex-00000001: endpoint leased [route: {s}->https://raw.githubusercontent.com:443][total available: 0; route allocated: 1 of 5; total allocated: 1 of 25]
2021-11-06 17:16:45,820 DEBUG o.a.h.c.h.i.i.PoolingHttpClientConnectionManager$1 [get:319] [main] - ex-00000001: acquired ep-00000000
2021-11-06 17:16:45,820 DEBUG o.a.h.c.h.i.c.InternalExecRuntime [acquireEndpoint:120] [main] - ex-00000001: acquired endpoint ep-00000000
2021-11-06 17:16:45,820 DEBUG o.a.h.c.h.i.c.ConnectExec [execute:123] [main] - ex-00000001: opening connection {s}->https://raw.githubusercontent.com:443
2021-11-06 17:16:45,821 DEBUG o.a.h.c.h.i.c.InternalExecRuntime [connectEndpoint:162] [main] - ep-00000000: connecting endpoint (30 SECONDS)
2021-11-06 17:16:45,821 DEBUG o.a.h.c.h.i.i.PoolingHttpClientConnectionManager [connect:405] [main] - ep-00000000: connecting endpoint to https://raw.githubusercontent.com:443 (30 SECONDS)
2021-11-06 17:16:45,831 DEBUG o.a.h.c.h.i.i.DefaultHttpClientConnectionOperator [connect:145] [main] - http-outgoing-0: connecting to raw.githubusercontent.com/185.199.109.133:443
2021-11-06 17:16:45,831 DEBUG o.a.h.c.h.s.SSLConnectionSocketFactory [connectSocket:211] [main] - Connecting socket to raw.githubusercontent.com/185.199.109.133:443 with timeout 30 SECONDS
2021-11-06 17:16:45,874 DEBUG o.a.h.c.h.s.SSLConnectionSocketFactory [createLayeredSocket:267] [main] - Enabled protocols: [TLSv1.3, TLSv1.2]
2021-11-06 17:16:45,874 DEBUG o.a.h.c.h.s.SSLConnectionSocketFactory [createLayeredSocket:268] [main] - Enabled cipher suites: [TLS_AES_256_GCM_SHA384, TLS_AES_128_GCM_SHA256, TLS_CHACHA20_POLY1305_SHA256, TLS_ECDHE_ECDSA_WITH_AES_256_GCM_SHA384, TLS_ECDHE_ECDSA_WITH_AES_128_GCM_SHA256, TLS_ECDHE_ECDSA_WITH_CHACHA20_POLY1305_SHA256, TLS_ECDHE_RSA_WITH_AES_256_GCM_SHA384, TLS_ECDHE_RSA_WITH_CHACHA20_POLY1305_SHA256, TLS_ECDHE_RSA_WITH_AES_128_GCM_SHA256, TLS_DHE_RSA_WITH_AES_256_GCM_SHA384, TLS_DHE_RSA_WITH_CHACHA20_POLY1305_SHA256, TLS_DHE_DSS_WITH_AES_256_GCM_SHA384, TLS_DHE_RSA_WITH_AES_128_GCM_SHA256, TLS_DHE_DSS_WITH_AES_128_GCM_SHA256, TLS_ECDHE_ECDSA_WITH_AES_256_CBC_SHA384, TLS_ECDHE_RSA_WITH_AES_256_CBC_SHA384, TLS_ECDHE_ECDSA_WITH_AES_128_CBC_SHA256, TLS_ECDHE_RSA_WITH_AES_128_CBC_SHA256, TLS_DHE_RSA_WITH_AES_256_CBC_SHA256, TLS_DHE_DSS_WITH_AES_256_CBC_SHA256, TLS_DHE_RSA_WITH_AES_128_CBC_SHA256, TLS_DHE_DSS_WITH_AES_128_CBC_SHA256, TLS_ECDH_ECDSA_WITH_AES_256_GCM_SHA384, TLS_ECDH_RSA_WITH_AES_256_GCM_SHA384, TLS_ECDH_ECDSA_WITH_AES_128_GCM_SHA256, TLS_ECDH_RSA_WITH_AES_128_GCM_SHA256, TLS_ECDH_ECDSA_WITH_AES_256_CBC_SHA384, TLS_ECDH_RSA_WITH_AES_256_CBC_SHA384, TLS_ECDH_ECDSA_WITH_AES_128_CBC_SHA256, TLS_ECDH_RSA_WITH_AES_128_CBC_SHA256, TLS_ECDHE_ECDSA_WITH_AES_256_CBC_SHA, TLS_ECDHE_RSA_WITH_AES_256_CBC_SHA, TLS_ECDHE_ECDSA_WITH_AES_128_CBC_SHA, TLS_ECDHE_RSA_WITH_AES_128_CBC_SHA, TLS_DHE_RSA_WITH_AES_256_CBC_SHA, TLS_DHE_DSS_WITH_AES_256_CBC_SHA, TLS_DHE_RSA_WITH_AES_128_CBC_SHA, TLS_DHE_DSS_WITH_AES_128_CBC_SHA, TLS_ECDH_ECDSA_WITH_AES_256_CBC_SHA, TLS_ECDH_RSA_WITH_AES_256_CBC_SHA, TLS_ECDH_ECDSA_WITH_AES_128_CBC_SHA, TLS_ECDH_RSA_WITH_AES_128_CBC_SHA, TLS_RSA_WITH_AES_256_GCM_SHA384, TLS_RSA_WITH_AES_128_GCM_SHA256, TLS_RSA_WITH_AES_256_CBC_SHA256, TLS_RSA_WITH_AES_128_CBC_SHA256, TLS_RSA_WITH_AES_256_CBC_SHA, TLS_RSA_WITH_AES_128_CBC_SHA, TLS_EMPTY_RENEGOTIATION_INFO_SCSV]
2021-11-06 17:16:45,875 DEBUG o.a.h.c.h.s.SSLConnectionSocketFactory [createLayeredSocket:272] [main] - Starting handshake
2021-11-06 17:16:45,952 DEBUG o.a.h.c.h.s.TlsSessionValidator [verifySession:58] [main] - Secure session established
2021-11-06 17:16:45,953 DEBUG o.a.h.c.h.s.TlsSessionValidator [verifySession:59] [main] -  negotiated protocol: TLSv1.3
2021-11-06 17:16:45,953 DEBUG o.a.h.c.h.s.TlsSessionValidator [verifySession:60] [main] -  negotiated cipher suite: TLS_AES_256_GCM_SHA384
2021-11-06 17:16:45,953 DEBUG o.a.h.c.h.s.TlsSessionValidator [verifySession:70] [main] -  peer principal: CN=www.github.com, O="GitHub, Inc.", L=San Francisco, ST=California, C=US
2021-11-06 17:16:45,955 DEBUG o.a.h.c.h.s.TlsSessionValidator [verifySession:79] [main] -  peer alternative names: [www.github.com, *.github.com, github.com, *.github.io, github.io, *.githubusercontent.com, githubusercontent.com]
2021-11-06 17:16:45,955 DEBUG o.a.h.c.h.s.TlsSessionValidator [verifySession:83] [main] -  issuer principal: CN=DigiCert SHA2 High Assurance Server CA, OU=www.digicert.com, O=DigiCert Inc, C=US
2021-11-06 17:16:45,956 DEBUG o.a.h.c.h.i.i.DefaultHttpClientConnectionOperator [connect:151] [main] - http-outgoing-0: connection established 192.168.29.253:57517<->185.199.109.133:443
2021-11-06 17:16:45,957 DEBUG o.a.h.c.h.i.i.PoolingHttpClientConnectionManager [connect:417] [main] - ep-00000000: connected http-outgoing-0
2021-11-06 17:16:45,957 DEBUG o.a.h.c.h.i.c.InternalExecRuntime [connectEndpoint:166] [main] - ep-00000000: endpoint connected
2021-11-06 17:16:45,957 DEBUG o.a.h.c.h.i.c.MainClientExec [execute:102] [main] - ex-00000001: executing GET /bonigarcia/webdrivermanager/master/src/main/resources/commands.properties HTTP/1.1
2021-11-06 17:16:45,958 DEBUG o.a.h.c.h.i.c.InternalExecRuntime [execute:213] [main] - ep-00000000: start execution ex-00000001
2021-11-06 17:16:45,958 DEBUG o.a.h.c.h.i.i.PoolingHttpClientConnectionManager$InternalConnectionEndpoint [execute:594] [main] - ep-00000000: executing exchange ex-00000001 over http-outgoing-0
2021-11-06 17:16:45,959 DEBUG o.a.h.c.h.i.i.DefaultManagedHttpClientConnection [onRequestSubmitted:169] [main] - http-outgoing-0 >> GET /bonigarcia/webdrivermanager/master/src/main/resources/commands.properties HTTP/1.1
2021-11-06 17:16:45,959 DEBUG o.a.h.c.h.i.i.DefaultManagedHttpClientConnection [onRequestSubmitted:172] [main] - http-outgoing-0 >> user-agent: Apache-HttpClient/5.0
2021-11-06 17:16:45,959 DEBUG o.a.h.c.h.i.i.DefaultManagedHttpClientConnection [onRequestSubmitted:172] [main] - http-outgoing-0 >> accept-encoding: gzip, deflate, br
2021-11-06 17:16:45,959 DEBUG o.a.h.c.h.i.i.DefaultManagedHttpClientConnection [onRequestSubmitted:172] [main] - http-outgoing-0 >> cache-control: max-age=0
2021-11-06 17:16:45,959 DEBUG o.a.h.c.h.i.i.DefaultManagedHttpClientConnection [onRequestSubmitted:172] [main] - http-outgoing-0 >> connection: keep-alive
2021-11-06 17:16:45,959 DEBUG o.a.h.c.h.i.i.DefaultManagedHttpClientConnection [onRequestSubmitted:172] [main] - http-outgoing-0 >> Host: raw.githubusercontent.com
2021-11-06 17:16:45,960 DEBUG o.a.h.c.h.i.Wire [wire:92] [main] - http-outgoing-0 >> "GET /bonigarcia/webdrivermanager/master/src/main/resources/commands.properties HTTP/1.1[\r][\n]"
2021-11-06 17:16:45,960 DEBUG o.a.h.c.h.i.Wire [wire:92] [main] - http-outgoing-0 >> "user-agent: Apache-HttpClient/5.0[\r][\n]"
2021-11-06 17:16:45,960 DEBUG o.a.h.c.h.i.Wire [wire:92] [main] - http-outgoing-0 >> "accept-encoding: gzip, deflate, br[\r][\n]"
2021-11-06 17:16:45,960 DEBUG o.a.h.c.h.i.Wire [wire:92] [main] - http-outgoing-0 >> "cache-control: max-age=0[\r][\n]"
2021-11-06 17:16:45,960 DEBUG o.a.h.c.h.i.Wire [wire:92] [main] - http-outgoing-0 >> "connection: keep-alive[\r][\n]"
2021-11-06 17:16:45,960 DEBUG o.a.h.c.h.i.Wire [wire:92] [main] - http-outgoing-0 >> "Host: raw.githubusercontent.com[\r][\n]"
2021-11-06 17:16:45,961 DEBUG o.a.h.c.h.i.Wire [wire:92] [main] - http-outgoing-0 >> "[\r][\n]"
2021-11-06 17:16:46,232 DEBUG o.a.h.c.h.i.Wire [wire:92] [main] - http-outgoing-0 << "HTTP/1.1 200 OK[\r][\n]"
2021-11-06 17:16:46,233 DEBUG o.a.h.c.h.i.Wire [wire:92] [main] - http-outgoing-0 << "Connection: keep-alive[\r][\n]"
2021-11-06 17:16:46,234 DEBUG o.a.h.c.h.i.Wire [wire:92] [main] - http-outgoing-0 << "Content-Length: 728[\r][\n]"
2021-11-06 17:16:46,235 DEBUG o.a.h.c.h.i.Wire [wire:92] [main] - http-outgoing-0 << "Cache-Control: max-age=300[\r][\n]"
2021-11-06 17:16:46,236 DEBUG o.a.h.c.h.i.Wire [wire:92] [main] - http-outgoing-0 << "Content-Security-Policy: default-src 'none'; style-src 'unsafe-inline'; sandbox[\r][\n]"
2021-11-06 17:16:46,237 DEBUG o.a.h.c.h.i.Wire [wire:92] [main] - http-outgoing-0 << "Content-Type: text/plain; charset=utf-8[\r][\n]"
2021-11-06 17:16:46,237 DEBUG o.a.h.c.h.i.Wire [wire:92] [main] - http-outgoing-0 << "ETag: W/"f670816d6bfbef80584dadbb549bb9c4ccd5de869d5b63cc2a694a74613014b5"[\r][\n]"
2021-11-06 17:16:46,237 DEBUG o.a.h.c.h.i.Wire [wire:92] [main] - http-outgoing-0 << "Strict-Transport-Security: max-age=31536000[\r][\n]"
2021-11-06 17:16:46,237 DEBUG o.a.h.c.h.i.Wire [wire:92] [main] - http-outgoing-0 << "X-Content-Type-Options: nosniff[\r][\n]"
2021-11-06 17:16:46,237 DEBUG o.a.h.c.h.i.Wire [wire:92] [main] - http-outgoing-0 << "X-Frame-Options: deny[\r][\n]"
2021-11-06 17:16:46,237 DEBUG o.a.h.c.h.i.Wire [wire:92] [main] - http-outgoing-0 << "X-XSS-Protection: 1; mode=block[\r][\n]"
2021-11-06 17:16:46,237 DEBUG o.a.h.c.h.i.Wire [wire:92] [main] - http-outgoing-0 << "X-GitHub-Request-Id: 1950:78DE:21AD6E:39CC41:618464BC[\r][\n]"
2021-11-06 17:16:46,238 DEBUG o.a.h.c.h.i.Wire [wire:92] [main] - http-outgoing-0 << "Content-Encoding: gzip[\r][\n]"
2021-11-06 17:16:46,238 DEBUG o.a.h.c.h.i.Wire [wire:92] [main] - http-outgoing-0 << "Accept-Ranges: bytes[\r][\n]"
2021-11-06 17:16:46,238 DEBUG o.a.h.c.h.i.Wire [wire:92] [main] - http-outgoing-0 << "Date: Sat, 06 Nov 2021 11:46:45 GMT[\r][\n]"
2021-11-06 17:16:46,238 DEBUG o.a.h.c.h.i.Wire [wire:92] [main] - http-outgoing-0 << "Via: 1.1 varnish[\r][\n]"
2021-11-06 17:16:46,238 DEBUG o.a.h.c.h.i.Wire [wire:92] [main] - http-outgoing-0 << "X-Served-By: cache-bom4737-BOM[\r][\n]"
2021-11-06 17:16:46,238 DEBUG o.a.h.c.h.i.Wire [wire:92] [main] - http-outgoing-0 << "X-Cache: HIT[\r][\n]"
2021-11-06 17:16:46,238 DEBUG o.a.h.c.h.i.Wire [wire:92] [main] - http-outgoing-0 << "X-Cache-Hits: 1[\r][\n]"
2021-11-06 17:16:46,239 DEBUG o.a.h.c.h.i.Wire [wire:92] [main] - http-outgoing-0 << "X-Timer: S1636199205.396446,VS0,VE264[\r][\n]"
2021-11-06 17:16:46,239 DEBUG o.a.h.c.h.i.Wire [wire:92] [main] - http-outgoing-0 << "Vary: Authorization,Accept-Encoding,Origin[\r][\n]"
2021-11-06 17:16:46,239 DEBUG o.a.h.c.h.i.Wire [wire:92] [main] - http-outgoing-0 << "Access-Control-Allow-Origin: *[\r][\n]"
2021-11-06 17:16:46,239 DEBUG o.a.h.c.h.i.Wire [wire:92] [main] - http-outgoing-0 << "X-Fastly-Request-ID: c1a7d4d074e793a081ca7096bc0a8df1dc53345d[\r][\n]"
2021-11-06 17:16:46,239 DEBUG o.a.h.c.h.i.Wire [wire:92] [main] - http-outgoing-0 << "Expires: Sat, 06 Nov 2021 11:51:45 GMT[\r][\n]"
2021-11-06 17:16:46,239 DEBUG o.a.h.c.h.i.Wire [wire:92] [main] - http-outgoing-0 << "Source-Age: 0[\r][\n]"
2021-11-06 17:16:46,239 DEBUG o.a.h.c.h.i.Wire [wire:92] [main] - http-outgoing-0 << "[\r][\n]"
2021-11-06 17:16:46,241 DEBUG o.a.h.c.h.i.i.DefaultManagedHttpClientConnection [onResponseReceived:158] [main] - http-outgoing-0 << HTTP/1.1 200 OK
2021-11-06 17:16:46,242 DEBUG o.a.h.c.h.i.i.DefaultManagedHttpClientConnection [onResponseReceived:161] [main] - http-outgoing-0 << Connection: keep-alive
2021-11-06 17:16:46,242 DEBUG o.a.h.c.h.i.i.DefaultManagedHttpClientConnection [onResponseReceived:161] [main] - http-outgoing-0 << Content-Length: 728
2021-11-06 17:16:46,242 DEBUG o.a.h.c.h.i.i.DefaultManagedHttpClientConnection [onResponseReceived:161] [main] - http-outgoing-0 << Cache-Control: max-age=300
2021-11-06 17:16:46,242 DEBUG o.a.h.c.h.i.i.DefaultManagedHttpClientConnection [onResponseReceived:161] [main] - http-outgoing-0 << Content-Security-Policy: default-src 'none'; style-src 'unsafe-inline'; sandbox
2021-11-06 17:16:46,242 DEBUG o.a.h.c.h.i.i.DefaultManagedHttpClientConnection [onResponseReceived:161] [main] - http-outgoing-0 << Content-Type: text/plain; charset=utf-8
2021-11-06 17:16:46,242 DEBUG o.a.h.c.h.i.i.DefaultManagedHttpClientConnection [onResponseReceived:161] [main] - http-outgoing-0 << ETag: W/"f670816d6bfbef80584dadbb549bb9c4ccd5de869d5b63cc2a694a74613014b5"
2021-11-06 17:16:46,242 DEBUG o.a.h.c.h.i.i.DefaultManagedHttpClientConnection [onResponseReceived:161] [main] - http-outgoing-0 << Strict-Transport-Security: max-age=31536000
2021-11-06 17:16:46,242 DEBUG o.a.h.c.h.i.i.DefaultManagedHttpClientConnection [onResponseReceived:161] [main] - http-outgoing-0 << X-Content-Type-Options: nosniff
2021-11-06 17:16:46,243 DEBUG o.a.h.c.h.i.i.DefaultManagedHttpClientConnection [onResponseReceived:161] [main] - http-outgoing-0 << X-Frame-Options: deny
2021-11-06 17:16:46,243 DEBUG o.a.h.c.h.i.i.DefaultManagedHttpClientConnection [onResponseReceived:161] [main] - http-outgoing-0 << X-XSS-Protection: 1; mode=block
2021-11-06 17:16:46,243 DEBUG o.a.h.c.h.i.i.DefaultManagedHttpClientConnection [onResponseReceived:161] [main] - http-outgoing-0 << X-GitHub-Request-Id: 1950:78DE:21AD6E:39CC41:618464BC
2021-11-06 17:16:46,243 DEBUG o.a.h.c.h.i.i.DefaultManagedHttpClientConnection [onResponseReceived:161] [main] - http-outgoing-0 << Content-Encoding: gzip
2021-11-06 17:16:46,243 DEBUG o.a.h.c.h.i.i.DefaultManagedHttpClientConnection [onResponseReceived:161] [main] - http-outgoing-0 << Accept-Ranges: bytes
2021-11-06 17:16:46,243 DEBUG o.a.h.c.h.i.i.DefaultManagedHttpClientConnection [onResponseReceived:161] [main] - http-outgoing-0 << Date: Sat, 06 Nov 2021 11:46:45 GMT
2021-11-06 17:16:46,243 DEBUG o.a.h.c.h.i.i.DefaultManagedHttpClientConnection [onResponseReceived:161] [main] - http-outgoing-0 << Via: 1.1 varnish
2021-11-06 17:16:46,243 DEBUG o.a.h.c.h.i.i.DefaultManagedHttpClientConnection [onResponseReceived:161] [main] - http-outgoing-0 << X-Served-By: cache-bom4737-BOM
2021-11-06 17:16:46,243 DEBUG o.a.h.c.h.i.i.DefaultManagedHttpClientConnection [onResponseReceived:161] [main] - http-outgoing-0 << X-Cache: HIT
2021-11-06 17:16:46,243 DEBUG o.a.h.c.h.i.i.DefaultManagedHttpClientConnection [onResponseReceived:161] [main] - http-outgoing-0 << X-Cache-Hits: 1
2021-11-06 17:16:46,244 DEBUG o.a.h.c.h.i.i.DefaultManagedHttpClientConnection [onResponseReceived:161] [main] - http-outgoing-0 << X-Timer: S1636199205.396446,VS0,VE264
2021-11-06 17:16:46,244 DEBUG o.a.h.c.h.i.i.DefaultManagedHttpClientConnection [onResponseReceived:161] [main] - http-outgoing-0 << Vary: Authorization,Accept-Encoding,Origin
2021-11-06 17:16:46,244 DEBUG o.a.h.c.h.i.i.DefaultManagedHttpClientConnection [onResponseReceived:161] [main] - http-outgoing-0 << Access-Control-Allow-Origin: *
2021-11-06 17:16:46,244 DEBUG o.a.h.c.h.i.i.DefaultManagedHttpClientConnection [onResponseReceived:161] [main] - http-outgoing-0 << X-Fastly-Request-ID: c1a7d4d074e793a081ca7096bc0a8df1dc53345d
2021-11-06 17:16:46,244 DEBUG o.a.h.c.h.i.i.DefaultManagedHttpClientConnection [onResponseReceived:161] [main] - http-outgoing-0 << Expires: Sat, 06 Nov 2021 11:51:45 GMT
2021-11-06 17:16:46,244 DEBUG o.a.h.c.h.i.i.DefaultManagedHttpClientConnection [onResponseReceived:161] [main] - http-outgoing-0 << Source-Age: 0
2021-11-06 17:16:46,247 DEBUG o.a.h.c.h.i.c.MainClientExec [execute:126] [main] - ex-00000001: connection can be kept alive for 3 MINUTES
2021-11-06 17:16:46,256 DEBUG o.a.h.c.h.i.Wire [wire:92] [main] - http-outgoing-0 << "[0x1f][0xffffff8b][0x8][0x0][0x0][0x0][0x0][0x0][0x0][0x3][0xffffffb5]V]o[0xffffffda]0[0x14]}[0xffffffe7]W\[0xffffff81]*[0xffffffb5][0x12][0x1f][[M[0xffffffd3]$[0x1e]hF[0xffffffbb]i [0x18][0xffffffb4][0xffffffdd]&[0xfffffff9][0xffffffc5]Mn[0xffffff82][0xffffffa5]$Fv([0xffffffed]~[0xfffffffd]l[0xffffffe7]c$u[0x6]k[0xffffffe8][l_[0xffffff9f]s|[0xffffffef]q|;[0xffffffe0][0xfffffff0]([0xffffffa2][0xffffffb1]'[0xffffffc1][0xffffffa3][0x9]}[0xffffffa0][0x12][[0x1d][0xffffffb8]]1[0x9]>[0xb][0x11]\[0x1e]'[0xffffff94][0xffffffc5][0x12][0xffffff92][0xffffff95][0x1e]d[0xffffffa1][0x9][0xffffff87][0x7][0x4]|Bw[0xffffff93][0xffffffa0][0x7],6[0xffffffcb]r[0xffffff85]a[0xffffffa8][0x7]\x(t[0xffffff90][0xffffff87][0x9][0xffffffba][0xffffff89]Y|D![0x19]Wk>[0xffffffa0][0xfffffffa][0xe][0x4]b[0xc][0xf][0xffffff82]o[0xffffffa5]ZP[0xffffff94][0xffffffa7][0xffffffce]J[0xfffffff0][0x8][0xffffffbb]p[0xffffffcd][0x4][0xfffffffa][0xfffffffc][0xffffffa9][0xb][0xffffffb3]5[\n]"
2021-11-06 17:16:46,257 DEBUG o.a.h.c.h.i.Wire [wire:92] [main] - http-outgoing-0 << "[0xffffffda][0xffffff85][0xffffffb1][0x17][0xffffffa8]Y[0xffffffb3][0xffffffca]6[0xffffffd1][0xffffff99][0xffffffc6][0xfffffff7][0xffffff98][0xffffffef][0xffffffa3][0xffffffc0]8[0x1][0xffffffae]c[0x12][0x16][0x7] [0xffffff9f]e[0xffffff82][0xffffff91][0xffffff84][0xffffffd3][0x1f],[0xfffffff6][0x14]j[0x17]&,[0xffffffde]([0xffffff98])ua[0xffffffb6]<k)[0xffffff8e][0xffffff94][0xffffffa2][0xffffff95][0x1d][0xffffffa3][0xffffffef][0xffffff9a]a[0x7f][0xffffff9b]n[0xffffffe8][0xffffffbf]{?t#[0xffffffaf][0xffffffaf]N[0x5][0x3][0x7][0xffffffb6][0x11]sMJL[0x1a][0xffffffb6]+[0xffffffc5][0x7]1[0xffffff8d]p[0xffffffd8]>[0xffffff99]/f7[0xffffff8b][0xffffffd1][0xfffffff4][0xfffffffa][0xffffffeb]d[0xffffffbc]<[0xfffffffd][0xfffffff9][0xfffffff1][0xffffffc3][0xffffffd9]'2$[0xffffffe4][0xffffff84][0xffffff90][0x1b][0xffffffce][0xffffff83][0x10][0x9]Iy[0x8][0x19][0xffffffad][0xffffffd7]!s[0xffffff95]>[0x1e][0x13][0xffffff92][0xffffffb1])[0xfffffff8]6[0x4][0xffffff98][0xffffffc0]}[0xffffff96][0xffffff90][0xffffffc1]#[\r]7[0xfffffff5][0xffffffa2][0xffffffce][0xf][0x14]5[0xffffff99]9[0xffffffa3][0xffffffc9]h>[0xffffffff]<[0xffffffba][0x1d][0xffffffbd][0xffffffa5][0xffffff9e][0xffffff8b]W$[0xffffffe9]-[0xfffffff5]\[0xe][0x17][0xffffffe3][0x1b][0xfffffff8]~7^[0xfffffffc][0xffffff82]/[0xffffffdf][0xffffff9c];[0xffffffb2][0xffffffe4]~[0xffffffb2][0xffffffa5][0x2]s[0xffffffb6][0xffffff8c][0xffffffec]jr[0xffffff85][0xffffffd4]5x[0xffffffb9][0x17][U[0xffffffd0]P;F[0xfffffffb] 0[{[0xffffffe9]4[0xfffffff4]zu[0x1b]"[0xffffffea][0xffffffea][0xfffffff0][0xffffffc1][0xffffffce]A[0xffffffe4] [0xffffffe5][0xffffffcd][0xffffffcc][0xffffffd6][0xffffffa7][0xffffffeb][0xfffffff5][0xffffffc0]Q[0xffffff97]H[0xffffffb9]U[0xe][0xffffff94][0x17]g[0xffffffcb]r[0xffffffc0].[0xffffffba][0xffffffb2]h[0xffffffe6][0xfffffffe][0xffffff82][0xffffffc8]O[0xffffffc7][0xffffffcd]L[0xffffff9a][0xffffffe7][0x7f][0xffffffca][0x7f][0xffffffb3]0[0xffffffa4]9[0x9]!9[0xfffffffa][0xffffffbe][0xffffffa4][0xffffffbf]Pq[0xffffffa8]+k[0xffffffaf][0xffffffca][0xfffffff1][0xffffffa4]\[0xffffffec][0x18][0xffffffa0]]v@FR%kk[0xf]8[0x1b][0xffffffa1][0xffffffff] [0xfffffff7][0xffffffd5][0xffffffca][0xffffffe6][0xfffffff8][0xffffff85][0x17][0xffffffb2][0x9][0xffffffe8]=[0xffffffbe][0xc][0xffffffb2][0xffffffd6]?c[0xffffffb1]U~[0x17]K[0x15][[0xffffffff][0xffffffda][\n]"
2021-11-06 17:16:46,257 DEBUG o.a.h.c.h.i.Wire [wire:92] [main] - http-outgoing-0 << "LT[0xffffff83]#[0xfffffffe][0xffffff8b][0xffffffa6][0xffffffcc][0x15]\[0xffffffaa]L[0x10][0xffffffa2]i*[0xffffff97]-[0xffffff92][0xffffff86]n_[0xffffffb2][0xffffffcb][0xffffff9a]^S[0xfffffff4]7[0xffffff94]sQ{[0xfffffff3][0xffffffff][0xffffff92][0x19][0xffffffae][0x7f]^}[0xffffff83]Y[0x14];[0xffffffca]w[0xfffffff6][0xfffffff4][0xffffffbc][0xffffffed][0xffffffe6][0xffffff9b]xk[0xffffffdd][0xb]VSW[[0xfffffff9][0xffffffcb][0x11]P[0xffffffba][0xfffffff8][0xffffffe6][0xffffffb5]+X[0xffffffcc][0xffffffbb][0xfffffff6][0xffffffff]n[0xffffffb0]=[0x2]s[0xffffffc1][0x3]A#I[0xffffff88][0xffffffa1] $[0xffffffa4][0xffffff9b][0xffffffd8]U[0xffffffbb][0xfffffff6][0xffffffa6][0xffffffbb]"[0xffffffa2]I[0xfffffff9][0xffffff8f]&[0xffffffe2][0xffffffd0][0xffffffe7][0xffffffc7][0xffffff96][0xffffff89][0xffffff86][0xffffffd4][0xffffff97][\r][0xffffffce][0x7f](u[0xffffff85][0xffffffbb][0xfffffff0][0xffffffa5][0x19][0xffffffda][0xffffffec][0xffffff98][0xffffffc6]Y[0xfffffffd]h8m6[0xffffff9c]U[0xffffffc1][0xfffffff2][0xffffffd6]H[0xfffffff5]W[0xffffffe5][0x17]NM[0x1c][0xffffffc7][0xffffff84]9|[0xffffff83]7[0xffffffbf][0xffffffa4][0xffffffa5][0xfffffff1][0xfffffffb]slAM[0xffffffda][0xffffffa2]ck[0xffffffa9]o[0xffffff89][\n]"
2021-11-06 17:16:46,257 DEBUG o.a.h.c.h.i.Wire [wire:106] [main] - http-outgoing-0 << "[0xffffffa6][0xfffffffd][0xffffffdd][0xffffff90]F,[0xffffffec][0xffffff97][0xffffffcf][0xfffffff4][0xffffffb2][0xffffff86]}[0xffffffc7]<u[0xffffff9b][0xffffffce][0xffffff8b]M[0xffffffb5][0xfffffffd][0xffffff93][0xffffff8e][0xffffffb6]:7[0xffffff97]i3[0xffffffaf]cA[0xffffffed][0xffffffc0][0xffffff92][0xfffffffa]T[0xffffffb0][0x2]^[0xffffff9a][0xffffffa1][0x1d]<[\r][0xffffffb5]A[0xffffffa7]+;[0xffffffc0][0x7f][0x0][0xffffffb2]$|[0xffffff88][0x1d][\r][0x0][0x0]"
2021-11-06 17:16:46,258 DEBUG o.a.h.c.h.i.c.InternalExecRuntime [releaseEndpoint:255] [main] - ep-00000000: releasing valid endpoint
2021-11-06 17:16:46,259 DEBUG o.a.h.c.h.i.i.PoolingHttpClientConnectionManager [release:349] [main] - ep-00000000: releasing endpoint
2021-11-06 17:16:46,259 DEBUG o.a.h.c.h.i.i.PoolingHttpClientConnectionManager [release:368] [main] - ep-00000000: connection http-outgoing-0 can be kept alive for 3 MINUTES
2021-11-06 17:16:46,259 DEBUG o.a.h.c.h.i.i.PoolingHttpClientConnectionManager [release:381] [main] - ep-00000000: connection released [route: {s}->https://raw.githubusercontent.com:443][total available: 1; route allocated: 1 of 5; total allocated: 1 of 25]
2021-11-06 17:16:46,260 DEBUG i.g.b.w.v.VersionDetector [getBrowserVersionFromTheShell:140] [main] - Detecting chrome version using online commands.properties
2021-11-06 17:16:46,264 DEBUG i.g.b.w.v.Shell [runAndWaitArray:54] [main] - Running command on the shell: [cmd.exe, /C, wmic, datafile, where, name="%PROGRAMFILES(X86):\=\\%\\Google\\Chrome\\Application\\chrome.exe", get, Version, /value]
2021-11-06 17:16:47,601 DEBUG i.g.b.w.v.Shell [runAndWaitArray:56] [main] - Result: 
2021-11-06 17:16:47,603 DEBUG i.g.b.w.v.Shell [runAndWaitArray:54] [main] - Running command on the shell: [cmd.exe, /C, wmic, datafile, where, name="%LOCALAPPDATA:\=\\%\\Google\\Chrome\\Application\\chrome.exe", get, Version, /value]
2021-11-06 17:16:48,832 DEBUG i.g.b.w.v.Shell [runAndWaitArray:56] [main] - Result: 
2021-11-06 17:16:48,834 DEBUG i.g.b.w.v.Shell [runAndWaitArray:54] [main] - Running command on the shell: [cmd.exe, /C, wmic, datafile, where, name="%PROGRAMFILES:\=\\%\\Google\\Chrome\\Application\\chrome.exe", get, Version, /value]
2021-11-06 17:16:49,910 DEBUG i.g.b.w.v.Shell [runAndWaitArray:56] [main] - Result: Version=94.0.4606.81
2021-11-06 17:16:49,914 DEBUG i.g.b.w.c.ResolutionCache [checkValidity:162] [main] - Removing resolution chrome94=94.0.4606.61 from cache (expired on Sat Nov 06 14:48:06 IST 2021)
2021-11-06 17:16:49,917 DEBUG o.a.h.c.h.i.c.InternalHttpClient [doExecute:172] [main] - ex-00000002: preparing request execution
2021-11-06 17:16:49,917 DEBUG o.a.h.c.h.p.RequestAddCookies [process:114] [main] - Cookie spec selected: strict
2021-11-06 17:16:49,918 DEBUG o.a.h.c.h.p.RequestAuthCache [process:76] [main] - Auth cache not set in the context
2021-11-06 17:16:49,918 DEBUG o.a.h.c.h.i.c.ProtocolExec [execute:161] [main] - ex-00000002: target auth state: UNCHALLENGED
2021-11-06 17:16:49,918 DEBUG o.a.h.c.h.i.c.ProtocolExec [execute:167] [main] - ex-00000002: proxy auth state: UNCHALLENGED
2021-11-06 17:16:49,918 DEBUG o.a.h.c.h.i.c.ConnectExec [execute:116] [main] - ex-00000002: acquiring connection with route {s}->https://chromedriver.storage.googleapis.com:443
2021-11-06 17:16:49,918 DEBUG o.a.h.c.h.i.c.InternalExecRuntime [acquireEndpoint:101] [main] - ex-00000002: acquiring endpoint (3 MINUTES)
2021-11-06 17:16:49,919 DEBUG o.a.h.c.h.i.i.PoolingHttpClientConnectionManager [lease:258] [main] - ex-00000002: endpoint lease request (3 MINUTES) [route: {s}->https://chromedriver.storage.googleapis.com:443][total available: 1; route allocated: 0 of 5; total allocated: 1 of 25]
2021-11-06 17:16:49,919 DEBUG o.a.h.c.h.i.i.PoolingHttpClientConnectionManager$1 [get:283] [main] - ex-00000002: endpoint leased [route: {s}->https://chromedriver.storage.googleapis.com:443][total available: 1; route allocated: 1 of 5; total allocated: 2 of 25]
2021-11-06 17:16:49,919 DEBUG o.a.h.c.h.i.i.PoolingHttpClientConnectionManager$1 [get:319] [main] - ex-00000002: acquired ep-00000001
2021-11-06 17:16:49,920 DEBUG o.a.h.c.h.i.c.InternalExecRuntime [acquireEndpoint:120] [main] - ex-00000002: acquired endpoint ep-00000001
2021-11-06 17:16:49,920 DEBUG o.a.h.c.h.i.c.ConnectExec [execute:123] [main] - ex-00000002: opening connection {s}->https://chromedriver.storage.googleapis.com:443
2021-11-06 17:16:49,920 DEBUG o.a.h.c.h.i.c.InternalExecRuntime [connectEndpoint:162] [main] - ep-00000001: connecting endpoint (30 SECONDS)
2021-11-06 17:16:49,920 DEBUG o.a.h.c.h.i.i.PoolingHttpClientConnectionManager [connect:405] [main] - ep-00000001: connecting endpoint to https://chromedriver.storage.googleapis.com:443 (30 SECONDS)
2021-11-06 17:16:49,928 DEBUG o.a.h.c.h.i.i.DefaultHttpClientConnectionOperator [connect:145] [main] - http-outgoing-1: connecting to chromedriver.storage.googleapis.com/142.251.42.16:443
2021-11-06 17:16:49,929 DEBUG o.a.h.c.h.s.SSLConnectionSocketFactory [connectSocket:211] [main] - Connecting socket to chromedriver.storage.googleapis.com/142.251.42.16:443 with timeout 30 SECONDS
2021-11-06 17:16:49,942 DEBUG o.a.h.c.h.s.SSLConnectionSocketFactory [createLayeredSocket:267] [main] - Enabled protocols: [TLSv1.3, TLSv1.2]
2021-11-06 17:16:49,943 DEBUG o.a.h.c.h.s.SSLConnectionSocketFactory [createLayeredSocket:268] [main] - Enabled cipher suites: [TLS_AES_256_GCM_SHA384, TLS_AES_128_GCM_SHA256, TLS_CHACHA20_POLY1305_SHA256, TLS_ECDHE_ECDSA_WITH_AES_256_GCM_SHA384, TLS_ECDHE_ECDSA_WITH_AES_128_GCM_SHA256, TLS_ECDHE_ECDSA_WITH_CHACHA20_POLY1305_SHA256, TLS_ECDHE_RSA_WITH_AES_256_GCM_SHA384, TLS_ECDHE_RSA_WITH_CHACHA20_POLY1305_SHA256, TLS_ECDHE_RSA_WITH_AES_128_GCM_SHA256, TLS_DHE_RSA_WITH_AES_256_GCM_SHA384, TLS_DHE_RSA_WITH_CHACHA20_POLY1305_SHA256, TLS_DHE_DSS_WITH_AES_256_GCM_SHA384, TLS_DHE_RSA_WITH_AES_128_GCM_SHA256, TLS_DHE_DSS_WITH_AES_128_GCM_SHA256, TLS_ECDHE_ECDSA_WITH_AES_256_CBC_SHA384, TLS_ECDHE_RSA_WITH_AES_256_CBC_SHA384, TLS_ECDHE_ECDSA_WITH_AES_128_CBC_SHA256, TLS_ECDHE_RSA_WITH_AES_128_CBC_SHA256, TLS_DHE_RSA_WITH_AES_256_CBC_SHA256, TLS_DHE_DSS_WITH_AES_256_CBC_SHA256, TLS_DHE_RSA_WITH_AES_128_CBC_SHA256, TLS_DHE_DSS_WITH_AES_128_CBC_SHA256, TLS_ECDH_ECDSA_WITH_AES_256_GCM_SHA384, TLS_ECDH_RSA_WITH_AES_256_GCM_SHA384, TLS_ECDH_ECDSA_WITH_AES_128_GCM_SHA256, TLS_ECDH_RSA_WITH_AES_128_GCM_SHA256, TLS_ECDH_ECDSA_WITH_AES_256_CBC_SHA384, TLS_ECDH_RSA_WITH_AES_256_CBC_SHA384, TLS_ECDH_ECDSA_WITH_AES_128_CBC_SHA256, TLS_ECDH_RSA_WITH_AES_128_CBC_SHA256, TLS_ECDHE_ECDSA_WITH_AES_256_CBC_SHA, TLS_ECDHE_RSA_WITH_AES_256_CBC_SHA, TLS_ECDHE_ECDSA_WITH_AES_128_CBC_SHA, TLS_ECDHE_RSA_WITH_AES_128_CBC_SHA, TLS_DHE_RSA_WITH_AES_256_CBC_SHA, TLS_DHE_DSS_WITH_AES_256_CBC_SHA, TLS_DHE_RSA_WITH_AES_128_CBC_SHA, TLS_DHE_DSS_WITH_AES_128_CBC_SHA, TLS_ECDH_ECDSA_WITH_AES_256_CBC_SHA, TLS_ECDH_RSA_WITH_AES_256_CBC_SHA, TLS_ECDH_ECDSA_WITH_AES_128_CBC_SHA, TLS_ECDH_RSA_WITH_AES_128_CBC_SHA, TLS_RSA_WITH_AES_256_GCM_SHA384, TLS_RSA_WITH_AES_128_GCM_SHA256, TLS_RSA_WITH_AES_256_CBC_SHA256, TLS_RSA_WITH_AES_128_CBC_SHA256, TLS_RSA_WITH_AES_256_CBC_SHA, TLS_RSA_WITH_AES_128_CBC_SHA, TLS_EMPTY_RENEGOTIATION_INFO_SCSV]
2021-11-06 17:16:49,943 DEBUG o.a.h.c.h.s.SSLConnectionSocketFactory [createLayeredSocket:272] [main] - Starting handshake
2021-11-06 17:16:50,058 DEBUG o.a.h.c.h.s.TlsSessionValidator [verifySession:58] [main] - Secure session established
2021-11-06 17:16:50,058 DEBUG o.a.h.c.h.s.TlsSessionValidator [verifySession:59] [main] -  negotiated protocol: TLSv1.3
2021-11-06 17:16:50,059 DEBUG o.a.h.c.h.s.TlsSessionValidator [verifySession:60] [main] -  negotiated cipher suite: TLS_AES_256_GCM_SHA384
2021-11-06 17:16:50,059 DEBUG o.a.h.c.h.s.TlsSessionValidator [verifySession:70] [main] -  peer principal: CN=*.storage.googleapis.com
2021-11-06 17:16:50,059 DEBUG o.a.h.c.h.s.TlsSessionValidator [verifySession:79] [main] -  peer alternative names: [*.storage.googleapis.com, *.googleapis.com, commondatastorage.googleapis.com, *.commondatastorage.googleapis.com, storage.googleapis.com, storage.mtls.googleapis.com, *.appspot.com.storage.googleapis.com, *.content-storage.googleapis.com, *.content-storage-p2.googleapis.com, *.content-storage-upload.googleapis.com, *.content-storage-download.googleapis.com, *.storage-upload.googleapis.com, *.storage-download.googleapis.com]
2021-11-06 17:16:50,059 DEBUG o.a.h.c.h.s.TlsSessionValidator [verifySession:83] [main] -  issuer principal: CN=GTS CA 1C3, O=Google Trust Services LLC, C=US
2021-11-06 17:16:50,059 DEBUG o.a.h.c.h.i.i.DefaultHttpClientConnectionOperator [connect:151] [main] - http-outgoing-1: connection established 192.168.29.253:57518<->142.251.42.16:443
2021-11-06 17:16:50,060 DEBUG o.a.h.c.h.i.i.PoolingHttpClientConnectionManager [connect:417] [main] - ep-00000001: connected http-outgoing-1
2021-11-06 17:16:50,060 DEBUG o.a.h.c.h.i.c.InternalExecRuntime [connectEndpoint:166] [main] - ep-00000001: endpoint connected
2021-11-06 17:16:50,060 DEBUG o.a.h.c.h.i.c.MainClientExec [execute:102] [main] - ex-00000002: executing GET /LATEST_RELEASE_94 HTTP/1.1
2021-11-06 17:16:50,060 DEBUG o.a.h.c.h.i.c.InternalExecRuntime [execute:213] [main] - ep-00000001: start execution ex-00000002
2021-11-06 17:16:50,060 DEBUG o.a.h.c.h.i.i.PoolingHttpClientConnectionManager$InternalConnectionEndpoint [execute:594] [main] - ep-00000001: executing exchange ex-00000002 over http-outgoing-1
2021-11-06 17:16:50,061 DEBUG o.a.h.c.h.i.i.DefaultManagedHttpClientConnection [onRequestSubmitted:169] [main] - http-outgoing-1 >> GET /LATEST_RELEASE_94 HTTP/1.1
2021-11-06 17:16:50,061 DEBUG o.a.h.c.h.i.i.DefaultManagedHttpClientConnection [onRequestSubmitted:172] [main] - http-outgoing-1 >> user-agent: Apache-HttpClient/5.0
2021-11-06 17:16:50,061 DEBUG o.a.h.c.h.i.i.DefaultManagedHttpClientConnection [onRequestSubmitted:172] [main] - http-outgoing-1 >> accept-encoding: gzip, deflate, br
2021-11-06 17:16:50,063 DEBUG o.a.h.c.h.i.i.DefaultManagedHttpClientConnection [onRequestSubmitted:172] [main] - http-outgoing-1 >> cache-control: max-age=0
2021-11-06 17:16:50,063 DEBUG o.a.h.c.h.i.i.DefaultManagedHttpClientConnection [onRequestSubmitted:172] [main] - http-outgoing-1 >> connection: keep-alive
2021-11-06 17:16:50,063 DEBUG o.a.h.c.h.i.i.DefaultManagedHttpClientConnection [onRequestSubmitted:172] [main] - http-outgoing-1 >> Host: chromedriver.storage.googleapis.com
2021-11-06 17:16:50,063 DEBUG o.a.h.c.h.i.Wire [wire:92] [main] - http-outgoing-1 >> "GET /LATEST_RELEASE_94 HTTP/1.1[\r][\n]"
2021-11-06 17:16:50,064 DEBUG o.a.h.c.h.i.Wire [wire:92] [main] - http-outgoing-1 >> "user-agent: Apache-HttpClient/5.0[\r][\n]"
2021-11-06 17:16:50,064 DEBUG o.a.h.c.h.i.Wire [wire:92] [main] - http-outgoing-1 >> "accept-encoding: gzip, deflate, br[\r][\n]"
2021-11-06 17:16:50,064 DEBUG o.a.h.c.h.i.Wire [wire:92] [main] - http-outgoing-1 >> "cache-control: max-age=0[\r][\n]"
2021-11-06 17:16:50,064 DEBUG o.a.h.c.h.i.Wire [wire:92] [main] - http-outgoing-1 >> "connection: keep-alive[\r][\n]"
2021-11-06 17:16:50,064 DEBUG o.a.h.c.h.i.Wire [wire:92] [main] - http-outgoing-1 >> "Host: chromedriver.storage.googleapis.com[\r][\n]"
2021-11-06 17:16:50,064 DEBUG o.a.h.c.h.i.Wire [wire:92] [main] - http-outgoing-1 >> "[\r][\n]"
2021-11-06 17:16:50,348 DEBUG o.a.h.c.h.i.Wire [wire:92] [main] - http-outgoing-1 << "HTTP/1.1 200 OK[\r][\n]"
2021-11-06 17:16:50,348 DEBUG o.a.h.c.h.i.Wire [wire:92] [main] - http-outgoing-1 << "X-GUploader-UploadID: ADPycdsYCZeHFF00jTzmgAzGYzW9NR7Pu8UEWsdl8cgncPSI8nPgxc16M4jQNMYigSo570p7m5dlWbKmslT-na7qw1jGIpB2mg[\r][\n]"
2021-11-06 17:16:50,349 DEBUG o.a.h.c.h.i.Wire [wire:92] [main] - http-outgoing-1 << "Expires: Sat, 06 Nov 2021 12:46:49 GMT[\r][\n]"
2021-11-06 17:16:50,349 DEBUG o.a.h.c.h.i.Wire [wire:92] [main] - http-outgoing-1 << "Date: Sat, 06 Nov 2021 11:46:49 GMT[\r][\n]"
2021-11-06 17:16:50,349 DEBUG o.a.h.c.h.i.Wire [wire:92] [main] - http-outgoing-1 << "Last-Modified: Mon, 27 Sep 2021 13:10:41 GMT[\r][\n]"
2021-11-06 17:16:50,349 DEBUG o.a.h.c.h.i.Wire [wire:92] [main] - http-outgoing-1 << "ETag: "7c5ba0dccb252b6128c9e357dec544d0"[\r][\n]"
2021-11-06 17:16:50,349 DEBUG o.a.h.c.h.i.Wire [wire:92] [main] - http-outgoing-1 << "x-goog-generation: 1632748241362160[\r][\n]"
2021-11-06 17:16:50,350 DEBUG o.a.h.c.h.i.Wire [wire:92] [main] - http-outgoing-1 << "x-goog-metageneration: 1[\r][\n]"
2021-11-06 17:16:50,350 DEBUG o.a.h.c.h.i.Wire [wire:92] [main] - http-outgoing-1 << "x-goog-stored-content-encoding: identity[\r][\n]"
2021-11-06 17:16:50,350 DEBUG o.a.h.c.h.i.Wire [wire:92] [main] - http-outgoing-1 << "x-goog-stored-content-length: 12[\r][\n]"
2021-11-06 17:16:50,350 DEBUG o.a.h.c.h.i.Wire [wire:92] [main] - http-outgoing-1 << "Content-Type: text/plain[\r][\n]"
2021-11-06 17:16:50,350 DEBUG o.a.h.c.h.i.Wire [wire:92] [main] - http-outgoing-1 << "Content-Language: en[\r][\n]"
2021-11-06 17:16:50,350 DEBUG o.a.h.c.h.i.Wire [wire:92] [main] - http-outgoing-1 << "x-goog-hash: crc32c=IdeXxg==[\r][\n]"
2021-11-06 17:16:50,351 DEBUG o.a.h.c.h.i.Wire [wire:92] [main] - http-outgoing-1 << "x-goog-hash: md5=fFug3MslK2EoyeNX3sVE0A==[\r][\n]"
2021-11-06 17:16:50,351 DEBUG o.a.h.c.h.i.Wire [wire:92] [main] - http-outgoing-1 << "x-goog-storage-class: STANDARD[\r][\n]"
2021-11-06 17:16:50,351 DEBUG o.a.h.c.h.i.Wire [wire:92] [main] - http-outgoing-1 << "Accept-Ranges: bytes[\r][\n]"
2021-11-06 17:16:50,351 DEBUG o.a.h.c.h.i.Wire [wire:92] [main] - http-outgoing-1 << "Content-Length: 12[\r][\n]"
2021-11-06 17:16:50,351 DEBUG o.a.h.c.h.i.Wire [wire:92] [main] - http-outgoing-1 << "Server: UploadServer[\r][\n]"
2021-11-06 17:16:50,351 DEBUG o.a.h.c.h.i.Wire [wire:92] [main] - http-outgoing-1 << "Cache-Control: public, max-age=3600[\r][\n]"
2021-11-06 17:16:50,352 DEBUG o.a.h.c.h.i.Wire [wire:92] [main] - http-outgoing-1 << "Age: 0[\r][\n]"
2021-11-06 17:16:50,352 DEBUG o.a.h.c.h.i.Wire [wire:92] [main] - http-outgoing-1 << "Alt-Svc: h3=":443"; ma=2592000,h3-29=":443"; ma=2592000,h3-Q050=":443"; ma=2592000,h3-Q046=":443"; ma=2592000,h3-Q043=":443"; ma=2592000,quic=":443"; ma=2592000; v="46,43"[\r][\n]"
2021-11-06 17:16:50,352 DEBUG o.a.h.c.h.i.Wire [wire:92] [main] - http-outgoing-1 << "[\r][\n]"
2021-11-06 17:16:50,352 DEBUG o.a.h.c.h.i.Wire [wire:106] [main] - http-outgoing-1 << "94.0.4606.61"
2021-11-06 17:16:50,352 DEBUG o.a.h.c.h.i.i.DefaultManagedHttpClientConnection [onResponseReceived:158] [main] - http-outgoing-1 << HTTP/1.1 200 OK
2021-11-06 17:16:50,352 DEBUG o.a.h.c.h.i.i.DefaultManagedHttpClientConnection [onResponseReceived:161] [main] - http-outgoing-1 << X-GUploader-UploadID: ADPycdsYCZeHFF00jTzmgAzGYzW9NR7Pu8UEWsdl8cgncPSI8nPgxc16M4jQNMYigSo570p7m5dlWbKmslT-na7qw1jGIpB2mg
2021-11-06 17:16:50,353 DEBUG o.a.h.c.h.i.i.DefaultManagedHttpClientConnection [onResponseReceived:161] [main] - http-outgoing-1 << Expires: Sat, 06 Nov 2021 12:46:49 GMT
2021-11-06 17:16:50,353 DEBUG o.a.h.c.h.i.i.DefaultManagedHttpClientConnection [onResponseReceived:161] [main] - http-outgoing-1 << Date: Sat, 06 Nov 2021 11:46:49 GMT
2021-11-06 17:16:50,353 DEBUG o.a.h.c.h.i.i.DefaultManagedHttpClientConnection [onResponseReceived:161] [main] - http-outgoing-1 << Last-Modified: Mon, 27 Sep 2021 13:10:41 GMT
2021-11-06 17:16:50,353 DEBUG o.a.h.c.h.i.i.DefaultManagedHttpClientConnection [onResponseReceived:161] [main] - http-outgoing-1 << ETag: "7c5ba0dccb252b6128c9e357dec544d0"
2021-11-06 17:16:50,353 DEBUG o.a.h.c.h.i.i.DefaultManagedHttpClientConnection [onResponseReceived:161] [main] - http-outgoing-1 << x-goog-generation: 1632748241362160
2021-11-06 17:16:50,353 DEBUG o.a.h.c.h.i.i.DefaultManagedHttpClientConnection [onResponseReceived:161] [main] - http-outgoing-1 << x-goog-metageneration: 1
2021-11-06 17:16:50,353 DEBUG o.a.h.c.h.i.i.DefaultManagedHttpClientConnection [onResponseReceived:161] [main] - http-outgoing-1 << x-goog-stored-content-encoding: identity
2021-11-06 17:16:50,353 DEBUG o.a.h.c.h.i.i.DefaultManagedHttpClientConnection [onResponseReceived:161] [main] - http-outgoing-1 << x-goog-stored-content-length: 12
2021-11-06 17:16:50,353 DEBUG o.a.h.c.h.i.i.DefaultManagedHttpClientConnection [onResponseReceived:161] [main] - http-outgoing-1 << Content-Type: text/plain
2021-11-06 17:16:50,354 DEBUG o.a.h.c.h.i.i.DefaultManagedHttpClientConnection [onResponseReceived:161] [main] - http-outgoing-1 << Content-Language: en
2021-11-06 17:16:50,354 DEBUG o.a.h.c.h.i.i.DefaultManagedHttpClientConnection [onResponseReceived:161] [main] - http-outgoing-1 << x-goog-hash: crc32c=IdeXxg==
2021-11-06 17:16:50,354 DEBUG o.a.h.c.h.i.i.DefaultManagedHttpClientConnection [onResponseReceived:161] [main] - http-outgoing-1 << x-goog-hash: md5=fFug3MslK2EoyeNX3sVE0A==
2021-11-06 17:16:50,354 DEBUG o.a.h.c.h.i.i.DefaultManagedHttpClientConnection [onResponseReceived:161] [main] - http-outgoing-1 << x-goog-storage-class: STANDARD
2021-11-06 17:16:50,354 DEBUG o.a.h.c.h.i.i.DefaultManagedHttpClientConnection [onResponseReceived:161] [main] - http-outgoing-1 << Accept-Ranges: bytes
2021-11-06 17:16:50,354 DEBUG o.a.h.c.h.i.i.DefaultManagedHttpClientConnection [onResponseReceived:161] [main] - http-outgoing-1 << Content-Length: 12
2021-11-06 17:16:50,355 DEBUG o.a.h.c.h.i.i.DefaultManagedHttpClientConnection [onResponseReceived:161] [main] - http-outgoing-1 << Server: UploadServer
2021-11-06 17:16:50,355 DEBUG o.a.h.c.h.i.i.DefaultManagedHttpClientConnection [onResponseReceived:161] [main] - http-outgoing-1 << Cache-Control: public, max-age=3600
2021-11-06 17:16:50,355 DEBUG o.a.h.c.h.i.i.DefaultManagedHttpClientConnection [onResponseReceived:161] [main] - http-outgoing-1 << Age: 0
2021-11-06 17:16:50,355 DEBUG o.a.h.c.h.i.i.DefaultManagedHttpClientConnection [onResponseReceived:161] [main] - http-outgoing-1 << Alt-Svc: h3=":443"; ma=2592000,h3-29=":443"; ma=2592000,h3-Q050=":443"; ma=2592000,h3-Q046=":443"; ma=2592000,h3-Q043=":443"; ma=2592000,quic=":443"; ma=2592000; v="46,43"
2021-11-06 17:16:50,355 DEBUG o.a.h.c.h.i.c.MainClientExec [execute:126] [main] - ex-00000002: connection can be kept alive for 3 MINUTES
2021-11-06 17:16:50,355 DEBUG o.a.h.c.h.i.c.InternalExecRuntime [releaseEndpoint:255] [main] - ep-00000001: releasing valid endpoint
2021-11-06 17:16:50,356 DEBUG o.a.h.c.h.i.i.PoolingHttpClientConnectionManager [release:349] [main] - ep-00000001: releasing endpoint
2021-11-06 17:16:50,356 DEBUG o.a.h.c.h.i.i.PoolingHttpClientConnectionManager [release:368] [main] - ep-00000001: connection http-outgoing-1 can be kept alive for 3 MINUTES
2021-11-06 17:16:50,356 DEBUG o.a.h.c.h.i.i.PoolingHttpClientConnectionManager [release:381] [main] - ep-00000001: connection released [route: {s}->https://chromedriver.storage.googleapis.com:443][total available: 2; route allocated: 1 of 5; total allocated: 2 of 25]
2021-11-06 17:16:50,356 DEBUG i.g.b.w.v.VersionDetector [getDriverVersionFromRepository:117] [main] - Latest version of chromedriver according to https://chromedriver.storage.googleapis.com/LATEST_RELEASE_94 is 94.0.4606.61
2021-11-06 17:16:50,356 INFO  i.g.b.w.WebDriverManager [resolveDriverVersion:632] [main] - Using chromedriver 94.0.4606.61 (resolved driver for Chrome 94)
2021-11-06 17:16:50,360 DEBUG i.g.b.w.c.ResolutionCache [putValueInResolutionCacheIfEmpty:126] [main] - Storing resolution chrome=94 in cache (valid until 18:16:50 06/11/2021 IST)
2021-11-06 17:16:50,364 DEBUG i.g.b.w.c.ResolutionCache [putValueInResolutionCacheIfEmpty:126] [main] - Storing resolution chrome94=94.0.4606.61 in cache (valid until 17:16:50 07/11/2021 IST)
2021-11-06 17:16:50,391 DEBUG i.g.b.w.WebDriverManager [manage:588] [main] - Driver chromedriver 94.0.4606.61 found in cache
2021-11-06 17:16:50,392 INFO  i.g.b.w.WebDriverManager [exportDriver:689] [main] - Exporting webdriver.chrome.driver as C:\Users\bhpanchal\.cache\selenium\chromedriver\win32\94.0.4606.61\chromedriver.exe
2021-11-06 17:16:58,831 DEBUG i.g.b.w.c.ResolutionCache [checkKeyInResolutionCache:187] [main] - Resolution chrome=94 in cache (valid until 18:16:50 06/11/2021 IST)
2021-11-06 17:16:58,832 DEBUG i.g.b.w.c.ResolutionCache [checkKeyInResolutionCache:187] [main] - Resolution chrome94=94.0.4606.61 in cache (valid until 17:16:50 07/11/2021 IST)
2021-11-06 17:16:58,833 INFO  i.g.b.w.WebDriverManager [resolveDriverVersion:632] [main] - Using chromedriver 94.0.4606.61 (resolved driver for Chrome 94)
2021-11-06 17:16:58,846 DEBUG i.g.b.w.WebDriverManager [manage:588] [main] - Driver chromedriver 94.0.4606.61 found in cache
2021-11-06 17:16:58,847 INFO  i.g.b.w.WebDriverManager [exportDriver:689] [main] - Exporting webdriver.chrome.driver as C:\Users\bhpanchal\.cache\selenium\chromedriver\win32\94.0.4606.61\chromedriver.exe
2021-11-06 17:17:46,523 DEBUG i.g.b.w.c.ResolutionCache [checkKeyInResolutionCache:187] [main] - Resolution chrome=94 in cache (valid until 18:16:50 06/11/2021 IST)
2021-11-06 17:17:46,524 DEBUG i.g.b.w.c.ResolutionCache [checkKeyInResolutionCache:187] [main] - Resolution chrome94=94.0.4606.61 in cache (valid until 17:16:50 07/11/2021 IST)
2021-11-06 17:17:46,524 INFO  i.g.b.w.WebDriverManager [resolveDriverVersion:632] [main] - Using chromedriver 94.0.4606.61 (resolved driver for Chrome 94)
2021-11-06 17:17:46,535 DEBUG i.g.b.w.WebDriverManager [manage:588] [main] - Driver chromedriver 94.0.4606.61 found in cache
2021-11-06 17:17:46,537 INFO  i.g.b.w.WebDriverManager [exportDriver:689] [main] - Exporting webdriver.chrome.driver as C:\Users\bhpanchal\.cache\selenium\chromedriver\win32\94.0.4606.61\chromedriver.exe
2021-11-06 17:18:08,210 DEBUG i.g.b.w.c.ResolutionCache [checkKeyInResolutionCache:187] [main] - Resolution chrome=94 in cache (valid until 18:16:50 06/11/2021 IST)
2021-11-06 17:18:08,211 DEBUG i.g.b.w.c.ResolutionCache [checkKeyInResolutionCache:187] [main] - Resolution chrome94=94.0.4606.61 in cache (valid until 17:16:50 07/11/2021 IST)
2021-11-06 17:18:08,212 INFO  i.g.b.w.WebDriverManager [resolveDriverVersion:632] [main] - Using chromedriver 94.0.4606.61 (resolved driver for Chrome 94)
2021-11-06 17:18:08,220 DEBUG i.g.b.w.WebDriverManager [manage:588] [main] - Driver chromedriver 94.0.4606.61 found in cache
2021-11-06 17:18:08,220 INFO  i.g.b.w.WebDriverManager [exportDriver:689] [main] - Exporting webdriver.chrome.driver as C:\Users\bhpanchal\.cache\selenium\chromedriver\win32\94.0.4606.61\chromedriver.exe
